c:\users\sebas\git\memoryallocationstrategy\memoryallocationstrategy\x64\debug\vc143.pdb
c:\users\sebas\git\memoryallocationstrategy\memoryallocationstrategy\x64\debug\vc143.idb
c:\users\sebas\git\memoryallocationstrategy\memoryallocationstrategy\x64\debug\stackdemo.obj
c:\users\sebas\git\memoryallocationstrategy\memoryallocationstrategy\x64\debug\stackallocator.obj
c:\users\sebas\git\memoryallocationstrategy\memoryallocationstrategy\x64\debug\pooldemo.obj
c:\users\sebas\git\memoryallocationstrategy\memoryallocationstrategy\x64\debug\poolallocator.obj
c:\users\sebas\git\memoryallocationstrategy\memoryallocationstrategy\x64\debug\lineardemo.obj
c:\users\sebas\git\memoryallocationstrategy\memoryallocationstrategy\x64\debug\linearallocator.obj
c:\users\sebas\git\memoryallocationstrategy\memoryallocationstrategy\x64\debug\buddydemo.obj
c:\users\sebas\git\memoryallocationstrategy\memoryallocationstrategy\x64\debug\buddyallocator.obj
c:\users\sebas\git\memoryallocationstrategy\memoryallocationstrategy\x64\debug\memoryallocationstrategy.obj
c:\users\sebas\git\memoryallocationstrategy\memoryallocationstrategy\x64\debug\benchmarkrunner.obj
c:\users\sebas\git\memoryallocationstrategy\x64\debug\memoryallocationstrategy.pdb
c:\users\sebas\git\memoryallocationstrategy\memoryallocationstrategy\x64\debug\memoryal.f6038425.tlog\cl.command.1.tlog
c:\users\sebas\git\memoryallocationstrategy\memoryallocationstrategy\x64\debug\memoryal.f6038425.tlog\cl.read.1.tlog
c:\users\sebas\git\memoryallocationstrategy\memoryallocationstrategy\x64\debug\memoryal.f6038425.tlog\cl.write.1.tlog
c:\users\sebas\git\memoryallocationstrategy\memoryallocationstrategy\x64\debug\memoryal.f6038425.tlog\link-cvtres.read.1.tlog
c:\users\sebas\git\memoryallocationstrategy\memoryallocationstrategy\x64\debug\memoryal.f6038425.tlog\link-cvtres.write.1.tlog
c:\users\sebas\git\memoryallocationstrategy\memoryallocationstrategy\x64\debug\memoryal.f6038425.tlog\link-rc.read.1.tlog
c:\users\sebas\git\memoryallocationstrategy\memoryallocationstrategy\x64\debug\memoryal.f6038425.tlog\link-rc.write.1.tlog
c:\users\sebas\git\memoryallocationstrategy\memoryallocationstrategy\x64\debug\memoryal.f6038425.tlog\link.command.1.tlog
c:\users\sebas\git\memoryallocationstrategy\memoryallocationstrategy\x64\debug\memoryal.f6038425.tlog\link.read.1.tlog
c:\users\sebas\git\memoryallocationstrategy\memoryallocationstrategy\x64\debug\memoryal.f6038425.tlog\link.read.2.tlog
c:\users\sebas\git\memoryallocationstrategy\memoryallocationstrategy\x64\debug\memoryal.f6038425.tlog\link.read.3.tlog
c:\users\sebas\git\memoryallocationstrategy\memoryallocationstrategy\x64\debug\memoryal.f6038425.tlog\link.read.4.tlog
c:\users\sebas\git\memoryallocationstrategy\memoryallocationstrategy\x64\debug\memoryal.f6038425.tlog\link.read.6.tlog
c:\users\sebas\git\memoryallocationstrategy\memoryallocationstrategy\x64\debug\memoryal.f6038425.tlog\link.write.1.tlog
